c:\yock\projects\code\ye2\bin\debug\ye2\ye2.pdb
c:\yock\projects\code\ye2\bin\debug\ye2\ye2.idb
c:\yock\projects\code\ye2\bin-obj\debug\ye2\capsulevsconvexpolyhedronalgorithm.obj
c:\yock\projects\code\ye2\bin-obj\debug\ye2\capsulevscapsulealgorithm.obj
c:\yock\projects\code\ye2\bin-obj\debug\ye2\dynamicaabbtree.obj
c:\yock\projects\code\ye2\bin-obj\debug\ye2\trianglevertexarray.obj
c:\yock\projects\code\ye2\bin-obj\debug\ye2\trianglemesh.obj
c:\yock\projects\code\ye2\bin-obj\debug\ye2\raycastinfo.obj
c:\yock\projects\code\ye2\bin-obj\debug\ye2\polyhedronmesh.obj
c:\yock\projects\code\ye2\bin-obj\debug\ye2\polygonvertexarray.obj
c:\yock\projects\code\ye2\bin-obj\debug\ye2\overlapcallback.obj
c:\yock\projects\code\ye2\bin-obj\debug\ye2\halfedgestructure.obj
c:\yock\projects\code\ye2\bin-obj\debug\ye2\contactmanifold.obj
c:\yock\projects\code\ye2\bin-obj\debug\ye2\collisioncallback.obj
c:\yock\projects\code\ye2\bin-obj\debug\ye2\collider.obj
c:\yock\projects\code\ye2\bin-obj\debug\ye2\rigidbody.obj
c:\yock\projects\code\ye2\bin-obj\debug\ye2\collisionbody.obj
c:\yock\projects\code\ye2\bin-obj\debug\ye2\imsequencer.obj
c:\yock\projects\code\ye2\bin-obj\debug\ye2\imguizmo.obj
c:\yock\projects\code\ye2\bin-obj\debug\ye2\imgradient.obj
c:\yock\projects\code\ye2\bin-obj\debug\ye2\imcurveedit.obj
c:\yock\projects\code\ye2\bin-obj\debug\ye2\grapheditor.obj
c:\yock\projects\code\ye2\bin-obj\debug\ye2\heightfieldshape.obj
c:\yock\projects\code\ye2\bin-obj\debug\ye2\convexshape.obj
c:\yock\projects\code\ye2\bin-obj\debug\ye2\convexpolyhedronshape.obj
c:\yock\projects\code\ye2\bin-obj\debug\ye2\convexmeshshape.obj
c:\yock\projects\code\ye2\bin-obj\debug\ye2\concaveshape.obj
c:\yock\projects\code\ye2\bin-obj\debug\ye2\concavemeshshape.obj
c:\yock\projects\code\ye2\bin-obj\debug\ye2\collisionshape.obj
c:\yock\projects\code\ye2\bin-obj\debug\ye2\capsuleshape.obj
c:\yock\projects\code\ye2\bin-obj\debug\ye2\boxshape.obj
c:\yock\projects\code\ye2\bin-obj\debug\ye2\aabb.obj
c:\yock\projects\code\ye2\bin-obj\debug\ye2\spherevsspherealgorithm.obj
c:\yock\projects\code\ye2\bin-obj\debug\ye2\spherevsconvexpolyhedronalgorithm.obj
c:\yock\projects\code\ye2\bin-obj\debug\ye2\spherevscapsulealgorithm.obj
c:\yock\projects\code\ye2\bin-obj\debug\ye2\satalgorithm.obj
c:\yock\projects\code\ye2\bin-obj\debug\ye2\narrowphaseinput.obj
c:\yock\projects\code\ye2\bin-obj\debug\ye2\narrowphaseinfobatch.obj
c:\yock\projects\code\ye2\bin-obj\debug\ye2\voronoisimplex.obj
c:\yock\projects\code\ye2\bin-obj\debug\ye2\gjkalgorithm.obj
c:\yock\projects\code\ye2\bin-obj\debug\ye2\convexpolyhedronvsconvexpolyhedronalgorithm.obj
c:\yock\projects\code\ye2\bin-obj\debug\ye2\collisiondispatch.obj
c:\yock\projects\code\ye2\bin-obj\debug\ye2\entitymanager.obj
c:\yock\projects\code\ye2\bin-obj\debug\ye2\entity.obj
c:\yock\projects\code\ye2\bin-obj\debug\ye2\sliderjoint.obj
c:\yock\projects\code\ye2\bin-obj\debug\ye2\joint.obj
c:\yock\projects\code\ye2\bin-obj\debug\ye2\hingejoint.obj
c:\yock\projects\code\ye2\bin-obj\debug\ye2\fixedjoint.obj
c:\yock\projects\code\ye2\bin-obj\debug\ye2\contactpoint.obj
c:\yock\projects\code\ye2\bin-obj\debug\ye2\ballandsocketjoint.obj
c:\yock\projects\code\ye2\bin-obj\debug\ye2\transformcomponents.obj
c:\yock\projects\code\ye2\bin-obj\debug\ye2\sliderjointcomponents.obj
c:\yock\projects\code\ye2\bin-obj\debug\ye2\rigidbodycomponents.obj
c:\yock\projects\code\ye2\bin-obj\debug\ye2\jointcomponents.obj
c:\yock\projects\code\ye2\bin-obj\debug\ye2\hingejointcomponents.obj
c:\yock\projects\code\ye2\bin-obj\debug\ye2\fixedjointcomponents.obj
c:\yock\projects\code\ye2\bin-obj\debug\ye2\components.obj
c:\yock\projects\code\ye2\bin-obj\debug\ye2\collisionbodycomponents.obj
c:\yock\projects\code\ye2\bin-obj\debug\ye2\collidercomponents.obj
c:\yock\projects\code\ye2\bin-obj\debug\ye2\ballandsocketjointcomponents.obj
c:\yock\projects\code\ye2\bin-obj\debug\ye2\triangleshape.obj
c:\yock\projects\code\ye2\bin-obj\debug\ye2\sphereshape.obj
c:\yock\projects\code\ye2\bin-obj\debug\ye2\dynamicssystem.obj
c:\yock\projects\code\ye2\bin-obj\debug\ye2\contactsolversystem.obj
c:\yock\projects\code\ye2\bin-obj\debug\ye2\constraintsolversystem.obj
c:\yock\projects\code\ye2\bin-obj\debug\ye2\collisiondetectionsystem.obj
c:\yock\projects\code\ye2\bin-obj\debug\ye2\broadphasesystem.obj
c:\yock\projects\code\ye2\bin-obj\debug\ye2\singleframeallocator.obj
c:\yock\projects\code\ye2\bin-obj\debug\ye2\poolallocator.obj
c:\yock\projects\code\ye2\bin-obj\debug\ye2\memorymanager.obj
c:\yock\projects\code\ye2\bin-obj\debug\ye2\heapallocator.obj
c:\yock\projects\code\ye2\bin-obj\debug\ye2\vector3.obj
c:\yock\projects\code\ye2\bin-obj\debug\ye2\vector2.obj
c:\yock\projects\code\ye2\bin-obj\debug\ye2\transform.obj
c:\yock\projects\code\ye2\bin-obj\debug\ye2\quaternion.obj
c:\yock\projects\code\ye2\bin-obj\debug\ye2\matrix3x3.obj
c:\yock\projects\code\ye2\bin-obj\debug\ye2\matrix2x2.obj
c:\yock\projects\code\ye2\bin-obj\debug\ye2\physicsworld.obj
c:\yock\projects\code\ye2\bin-obj\debug\ye2\physicscommon.obj
c:\yock\projects\code\ye2\bin-obj\debug\ye2\overlappingpairs.obj
c:\yock\projects\code\ye2\bin-obj\debug\ye2\material.obj
c:\yock\projects\code\ye2\bin-obj\debug\ye2\island.obj
c:\yock\projects\code\ye2\bin-obj\debug\ye2\b2_block_allocator.obj
c:\yock\projects\code\ye2\bin-obj\debug\ye2\b2_time_of_impact.obj
c:\yock\projects\code\ye2\bin-obj\debug\ye2\b2_polygon_shape.obj
c:\yock\projects\code\ye2\bin-obj\debug\ye2\b2_edge_shape.obj
c:\yock\projects\code\ye2\bin-obj\debug\ye2\b2_dynamic_tree.obj
c:\yock\projects\code\ye2\bin-obj\debug\ye2\b2_distance.obj
c:\yock\projects\code\ye2\bin-obj\debug\ye2\b2_collision.obj
c:\yock\projects\code\ye2\bin-obj\debug\ye2\b2_collide_polygon.obj
c:\yock\projects\code\ye2\bin-obj\debug\ye2\b2_collide_edge.obj
c:\yock\projects\code\ye2\bin-obj\debug\ye2\b2_collide_circle.obj
c:\yock\projects\code\ye2\bin-obj\debug\ye2\b2_circle_shape.obj
c:\yock\projects\code\ye2\bin-obj\debug\ye2\b2_chain_shape.obj
c:\yock\projects\code\ye2\bin-obj\debug\ye2\b2_broad_phase.obj
c:\yock\projects\code\ye2\bin-obj\debug\ye2\profiler.obj
c:\yock\projects\code\ye2\bin-obj\debug\ye2\defaultlogger.obj
c:\yock\projects\code\ye2\bin-obj\debug\ye2\debugrenderer.obj
c:\yock\projects\code\ye2\bin-obj\debug\ye2\solvesliderjointsystem.obj
c:\yock\projects\code\ye2\bin-obj\debug\ye2\solvehingejointsystem.obj
c:\yock\projects\code\ye2\bin-obj\debug\ye2\solvefixedjointsystem.obj
c:\yock\projects\code\ye2\bin-obj\debug\ye2\solveballandsocketjointsystem.obj
c:\yock\projects\code\ye2\bin-obj\debug\ye2\b2_joint.obj
c:\yock\projects\code\ye2\bin-obj\debug\ye2\b2_island.obj
c:\yock\projects\code\ye2\bin-obj\debug\ye2\b2_gear_joint.obj
c:\yock\projects\code\ye2\bin-obj\debug\ye2\b2_friction_joint.obj
c:\yock\projects\code\ye2\bin-obj\debug\ye2\b2_fixture.obj
c:\yock\projects\code\ye2\bin-obj\debug\ye2\b2_edge_polygon_contact.obj
c:\yock\projects\code\ye2\bin-obj\debug\ye2\b2_edge_circle_contact.obj
c:\yock\projects\code\ye2\bin-obj\debug\ye2\b2_distance_joint.obj
c:\yock\projects\code\ye2\bin-obj\debug\ye2\b2_contact_solver.obj
c:\yock\projects\code\ye2\bin-obj\debug\ye2\b2_contact_manager.obj
c:\yock\projects\code\ye2\bin-obj\debug\ye2\b2_contact.obj
c:\yock\projects\code\ye2\bin-obj\debug\ye2\b2_circle_contact.obj
c:\yock\projects\code\ye2\bin-obj\debug\ye2\b2_chain_polygon_contact.obj
c:\yock\projects\code\ye2\bin-obj\debug\ye2\b2_chain_circle_contact.obj
c:\yock\projects\code\ye2\bin-obj\debug\ye2\b2_body.obj
c:\yock\projects\code\ye2\bin-obj\debug\ye2\b2_timer.obj
c:\yock\projects\code\ye2\bin-obj\debug\ye2\b2_stack_allocator.obj
c:\yock\projects\code\ye2\bin-obj\debug\ye2\b2_settings.obj
c:\yock\projects\code\ye2\bin-obj\debug\ye2\b2_math.obj
c:\yock\projects\code\ye2\bin-obj\debug\ye2\b2_draw.obj
c:\yock\projects\code\ye2\bin-obj\debug\ye2\imgui_tables.obj
c:\yock\projects\code\ye2\bin-obj\debug\ye2\imgui_stdlib.obj
c:\yock\projects\code\ye2\bin-obj\debug\ye2\imgui_impl_sdlrenderer.obj
c:\yock\projects\code\ye2\bin-obj\debug\ye2\imgui_impl_sdl.obj
c:\yock\projects\code\ye2\bin-obj\debug\ye2\imgui_impl_opengl3.obj
c:\yock\projects\code\ye2\bin-obj\debug\ye2\imgui_draw.obj
c:\yock\projects\code\ye2\bin-obj\debug\ye2\imgui_demo.obj
c:\yock\projects\code\ye2\bin-obj\debug\ye2\imgui.obj
c:\yock\projects\code\ye2\bin-obj\debug\ye2\b2_rope.obj
c:\yock\projects\code\ye2\bin-obj\debug\ye2\b2_world_callbacks.obj
c:\yock\projects\code\ye2\bin-obj\debug\ye2\b2_world.obj
c:\yock\projects\code\ye2\bin-obj\debug\ye2\b2_wheel_joint.obj
c:\yock\projects\code\ye2\bin-obj\debug\ye2\b2_weld_joint.obj
c:\yock\projects\code\ye2\bin-obj\debug\ye2\b2_revolute_joint.obj
c:\yock\projects\code\ye2\bin-obj\debug\ye2\b2_pulley_joint.obj
c:\yock\projects\code\ye2\bin-obj\debug\ye2\b2_prismatic_joint.obj
c:\yock\projects\code\ye2\bin-obj\debug\ye2\b2_polygon_contact.obj
c:\yock\projects\code\ye2\bin-obj\debug\ye2\b2_polygon_circle_contact.obj
c:\yock\projects\code\ye2\bin-obj\debug\ye2\b2_mouse_joint.obj
c:\yock\projects\code\ye2\bin-obj\debug\ye2\b2_motor_joint.obj
c:\yock\projects\code\ye2\bin-obj\debug\ye2\testmeshes.obj
c:\yock\projects\code\ye2\bin-obj\debug\ye2\vertex.obj
c:\yock\projects\code\ye2\bin-obj\debug\ye2\texture.obj
c:\yock\projects\code\ye2\bin-obj\debug\ye2\shader.obj
c:\yock\projects\code\ye2\bin-obj\debug\ye2\frame_buffer.obj
c:\yock\projects\code\ye2\bin-obj\debug\ye2\camera.obj
c:\yock\projects\code\ye2\bin-obj\debug\ye2\config_parser.obj
c:\yock\projects\code\ye2\bin-obj\debug\ye2\logger.obj
c:\yock\projects\code\ye2\bin-obj\debug\ye2\ye2.obj
c:\yock\projects\code\ye2\bin-obj\debug\ye2\imgui_widgets.obj
c:\yock\projects\code\ye2\bin-obj\debug\ye2\sdl2.obj
c:\yock\projects\code\ye2\bin\debug\ye2\ye2.lib
c:\yock\projects\code\ye2\bin-obj\debug\ye2\ye2.tlog\cl.command.1.tlog
c:\yock\projects\code\ye2\bin-obj\debug\ye2\ye2.tlog\cl.read.1.tlog
c:\yock\projects\code\ye2\bin-obj\debug\ye2\ye2.tlog\cl.write.1.tlog
c:\yock\projects\code\ye2\bin-obj\debug\ye2\ye2.tlog\lib-link.read.1.tlog
c:\yock\projects\code\ye2\bin-obj\debug\ye2\ye2.tlog\lib-link.write.1.tlog
c:\yock\projects\code\ye2\bin-obj\debug\ye2\ye2.tlog\lib.command.1.tlog
