  imgui.cpp
  imgui_demo.cpp
  imgui_draw.cpp
  imgui_impl_opengl3.cpp
  imgui_impl_sdl.cpp
  imgui_impl_sdlrenderer.cpp
  imgui_stdlib.cpp
  imgui_tables.cpp
  imgui_widgets.cpp
  YE2.cpp
  logger.cpp
C:\Yock\Projects\code\YE2\YE2\include\core\logger.hpp(25,6): warning C4091: 'static ': ignored on left of 'YE::core::Logger' when no variable is declared
  config_parser.cpp
  SDL2.cpp
C:\Program Files\Microsoft Visual Studio\2022\Community\VC\Tools\MSVC\14.35.32215\include\memory(3393,56): warning C4244: 'argument': conversion from 'T' to 'uint32_t', possible loss of data
          with
          [
              T=float
          ]
C:\Yock\Projects\code\YE2\YE2\src\rendering\SDL2.cpp(143): message : see reference to function template instantiation 'std::unique_ptr<YE::rendering::Framebuffer,std::default_delete<YE::rendering::Framebuffer>> std::make_unique<YE::rendering::Framebuffer,T&,T&,0>(T &,T &)' being compiled
          with
          [
              T=float
          ]
  camera.cpp
  frame_buffer.cpp
C:\Yock\Projects\code\YE2\YE2\src\rendering\frame_buffer.cpp(43,68): warning C4244: 'argument': conversion from 'T' to 'GLsizei', possible loss of data
          with
          [
              T=float
          ]
C:\Yock\Projects\code\YE2\YE2\src\rendering\frame_buffer.cpp(43,57): warning C4244: 'argument': conversion from 'T' to 'GLsizei', possible loss of data
          with
          [
              T=float
          ]
C:\Yock\Projects\code\YE2\YE2\src\rendering\frame_buffer.cpp(51,88): warning C4244: 'argument': conversion from 'T' to 'GLsizei', possible loss of data
          with
          [
              T=float
          ]
C:\Yock\Projects\code\YE2\YE2\src\rendering\frame_buffer.cpp(51,77): warning C4244: 'argument': conversion from 'T' to 'GLsizei', possible loss of data
          with
          [
              T=float
          ]
C:\Yock\Projects\code\YE2\YE2\src\rendering\frame_buffer.cpp(103,45): warning C4244: 'argument': conversion from 'T' to 'GLsizei', possible loss of data
          with
          [
              T=float
          ]
C:\Yock\Projects\code\YE2\YE2\src\rendering\frame_buffer.cpp(103,34): warning C4244: 'argument': conversion from 'T' to 'GLsizei', possible loss of data
          with
          [
              T=float
          ]
  shader.cpp
  texture.cpp
  vertex.cpp
  TestMeshes.cpp
  Generating Code...
asmjit.lib(asmjit.dll) : warning LNK4006: __NULL_IMPORT_DESCRIPTOR already defined in SDL2.lib(SDL2.dll); second definition ignored
  YE2.vcxproj -> C:\Yock\Projects\code\YE2\bin\Debug\YE2\YE2.lib
